The system is: Linux - 3.16.0-37-generic - x86_64
Compiling the CXX compiler identification source file "CMakeCXXCompilerId.cpp" succeeded.
Compiler: /usr/bin/g++ 
Build flags: 
Id flags: 

The output was:
0


Compilation of the CXX compiler identification source "CMakeCXXCompilerId.cpp" produced "a.out"

The CXX compiler identification is GNU, found in "/home/ariel/Documentos/gr-pmt_cpp/CMakeFiles/2.8.12.2/CompilerIdCXX/a.out"

Compiling the C compiler identification source file "CMakeCCompilerId.c" succeeded.
Compiler: /usr/bin/gcc 
Build flags: 
Id flags: 

The output was:
0


Compilation of the C compiler identification source "CMakeCCompilerId.c" produced "a.out"

The C compiler identification is GNU, found in "/home/ariel/Documentos/gr-pmt_cpp/CMakeFiles/2.8.12.2/CompilerIdC/a.out"

Determining if the CXX compiler works passed with the following output:
Change Dir: /home/ariel/Documentos/gr-pmt_cpp/CMakeFiles/CMakeTmp

Run Build Command:/usr/bin/make "cmTryCompileExec2284915536/fast"
/usr/bin/make -f CMakeFiles/cmTryCompileExec2284915536.dir/build.make CMakeFiles/cmTryCompileExec2284915536.dir/build
make[1]: Entrando no diretório `/home/ariel/Documentos/gr-pmt_cpp/CMakeFiles/CMakeTmp'
/usr/bin/cmake -E cmake_progress_report /home/ariel/Documentos/gr-pmt_cpp/CMakeFiles/CMakeTmp/CMakeFiles 1
Building CXX object CMakeFiles/cmTryCompileExec2284915536.dir/testCXXCompiler.cxx.o
/usr/bin/g++     -o CMakeFiles/cmTryCompileExec2284915536.dir/testCXXCompiler.cxx.o -c /home/ariel/Documentos/gr-pmt_cpp/CMakeFiles/CMakeTmp/testCXXCompiler.cxx
Linking CXX executable cmTryCompileExec2284915536
/usr/bin/cmake -E cmake_link_script CMakeFiles/cmTryCompileExec2284915536.dir/link.txt --verbose=1
/usr/bin/g++        CMakeFiles/cmTryCompileExec2284915536.dir/testCXXCompiler.cxx.o  -o cmTryCompileExec2284915536 -rdynamic 
make[1]: Saindo do diretório `/home/ariel/Documentos/gr-pmt_cpp/CMakeFiles/CMakeTmp'


Detecting CXX compiler ABI info compiled with the following output:
Change Dir: /home/ariel/Documentos/gr-pmt_cpp/CMakeFiles/CMakeTmp

Run Build Command:/usr/bin/make "cmTryCompileExec3405666589/fast"
/usr/bin/make -f CMakeFiles/cmTryCompileExec3405666589.dir/build.make CMakeFiles/cmTryCompileExec3405666589.dir/build
make[1]: Entrando no diretório `/home/ariel/Documentos/gr-pmt_cpp/CMakeFiles/CMakeTmp'
/usr/bin/cmake -E cmake_progress_report /home/ariel/Documentos/gr-pmt_cpp/CMakeFiles/CMakeTmp/CMakeFiles 1
Building CXX object CMakeFiles/cmTryCompileExec3405666589.dir/CMakeCXXCompilerABI.cpp.o
/usr/bin/g++     -o CMakeFiles/cmTryCompileExec3405666589.dir/CMakeCXXCompilerABI.cpp.o -c /usr/share/cmake-2.8/Modules/CMakeCXXCompilerABI.cpp
Linking CXX executable cmTryCompileExec3405666589
/usr/bin/cmake -E cmake_link_script CMakeFiles/cmTryCompileExec3405666589.dir/link.txt --verbose=1
/usr/bin/g++      -v CMakeFiles/cmTryCompileExec3405666589.dir/CMakeCXXCompilerABI.cpp.o  -o cmTryCompileExec3405666589 -rdynamic  
Using built-in specs.
COLLECT_GCC=/usr/bin/g++
COLLECT_LTO_WRAPPER=/usr/lib/gcc/x86_64-linux-gnu/4.8/lto-wrapper
Target: x86_64-linux-gnu
Configured with: ../src/configure -v --with-pkgversion='Ubuntu 4.8.2-19ubuntu1' --with-bugurl=file:///usr/share/doc/gcc-4.8/README.Bugs --enable-languages=c,c++,java,go,d,fortran,objc,obj-c++ --prefix=/usr --program-suffix=-4.8 --enable-shared --enable-linker-build-id --libexecdir=/usr/lib --without-included-gettext --enable-threads=posix --with-gxx-include-dir=/usr/include/c++/4.8 --libdir=/usr/lib --enable-nls --with-sysroot=/ --enable-clocale=gnu --enable-libstdcxx-debug --enable-libstdcxx-time=yes --enable-gnu-unique-object --disable-libmudflap --enable-plugin --with-system-zlib --disable-browser-plugin --enable-java-awt=gtk --enable-gtk-cairo --with-java-home=/usr/lib/jvm/java-1.5.0-gcj-4.8-amd64/jre --enable-java-home --with-jvm-root-dir=/usr/lib/jvm/java-1.5.0-gcj-4.8-amd64 --with-jvm-jar-dir=/usr/lib/jvm-exports/java-1.5.0-gcj-4.8-amd64 --with-arch-directory=amd64 --with-ecj-jar=/usr/share/java/eclipse-ecj.jar --enable-objc-gc --enable-multiarch --disable-werror --with-arch-32=i686 --with-abi=m64 --with-multilib-list=m32,m64,mx32 --with-tune=generic --enable-checking=release --build=x86_64-linux-gnu --host=x86_64-linux-gnu --target=x86_64-linux-gnu
Thread model: posix
gcc version 4.8.2 (Ubuntu 4.8.2-19ubuntu1) 
COMPILER_PATH=/usr/lib/gcc/x86_64-linux-gnu/4.8/:/usr/lib/gcc/x86_64-linux-gnu/4.8/:/usr/lib/gcc/x86_64-linux-gnu/:/usr/lib/gcc/x86_64-linux-gnu/4.8/:/usr/lib/gcc/x86_64-linux-gnu/
LIBRARY_PATH=/usr/lib/gcc/x86_64-linux-gnu/4.8/:/usr/lib/gcc/x86_64-linux-gnu/4.8/../../../x86_64-linux-gnu/:/usr/lib/gcc/x86_64-linux-gnu/4.8/../../../../lib/:/lib/x86_64-linux-gnu/:/lib/../lib/:/usr/lib/x86_64-linux-gnu/:/usr/lib/../lib/:/usr/lib/gcc/x86_64-linux-gnu/4.8/../../../:/lib/:/usr/lib/
COLLECT_GCC_OPTIONS='-v' '-o' 'cmTryCompileExec3405666589' '-rdynamic' '-shared-libgcc' '-mtune=generic' '-march=x86-64'
 /usr/lib/gcc/x86_64-linux-gnu/4.8/collect2 --sysroot=/ --build-id --eh-frame-hdr -m elf_x86_64 --hash-style=gnu --as-needed -export-dynamic -dynamic-linker /lib64/ld-linux-x86-64.so.2 -z relro -o cmTryCompileExec3405666589 /usr/lib/gcc/x86_64-linux-gnu/4.8/../../../x86_64-linux-gnu/crt1.o /usr/lib/gcc/x86_64-linux-gnu/4.8/../../../x86_64-linux-gnu/crti.o /usr/lib/gcc/x86_64-linux-gnu/4.8/crtbegin.o -L/usr/lib/gcc/x86_64-linux-gnu/4.8 -L/usr/lib/gcc/x86_64-linux-gnu/4.8/../../../x86_64-linux-gnu -L/usr/lib/gcc/x86_64-linux-gnu/4.8/../../../../lib -L/lib/x86_64-linux-gnu -L/lib/../lib -L/usr/lib/x86_64-linux-gnu -L/usr/lib/../lib -L/usr/lib/gcc/x86_64-linux-gnu/4.8/../../.. CMakeFiles/cmTryCompileExec3405666589.dir/CMakeCXXCompilerABI.cpp.o -lstdc++ -lm -lgcc_s -lgcc -lc -lgcc_s -lgcc /usr/lib/gcc/x86_64-linux-gnu/4.8/crtend.o /usr/lib/gcc/x86_64-linux-gnu/4.8/../../../x86_64-linux-gnu/crtn.o
make[1]: Saindo do diretório `/home/ariel/Documentos/gr-pmt_cpp/CMakeFiles/CMakeTmp'


Parsed CXX implicit link information from above output:
  link line regex: [^( *|.*[/\])(ld|([^/\]+-)?ld|collect2)[^/\]*( |$)]
  ignore line: [Change Dir: /home/ariel/Documentos/gr-pmt_cpp/CMakeFiles/CMakeTmp]
  ignore line: []
  ignore line: [Run Build Command:/usr/bin/make "cmTryCompileExec3405666589/fast"]
  ignore line: [/usr/bin/make -f CMakeFiles/cmTryCompileExec3405666589.dir/build.make CMakeFiles/cmTryCompileExec3405666589.dir/build]
  ignore line: [make[1]: Entrando no diretório `/home/ariel/Documentos/gr-pmt_cpp/CMakeFiles/CMakeTmp']
  ignore line: [/usr/bin/cmake -E cmake_progress_report /home/ariel/Documentos/gr-pmt_cpp/CMakeFiles/CMakeTmp/CMakeFiles 1]
  ignore line: [Building CXX object CMakeFiles/cmTryCompileExec3405666589.dir/CMakeCXXCompilerABI.cpp.o]
  ignore line: [/usr/bin/g++     -o CMakeFiles/cmTryCompileExec3405666589.dir/CMakeCXXCompilerABI.cpp.o -c /usr/share/cmake-2.8/Modules/CMakeCXXCompilerABI.cpp]
  ignore line: [Linking CXX executable cmTryCompileExec3405666589]
  ignore line: [/usr/bin/cmake -E cmake_link_script CMakeFiles/cmTryCompileExec3405666589.dir/link.txt --verbose=1]
  ignore line: [/usr/bin/g++      -v CMakeFiles/cmTryCompileExec3405666589.dir/CMakeCXXCompilerABI.cpp.o  -o cmTryCompileExec3405666589 -rdynamic  ]
  ignore line: [Using built-in specs.]
  ignore line: [COLLECT_GCC=/usr/bin/g++]
  ignore line: [COLLECT_LTO_WRAPPER=/usr/lib/gcc/x86_64-linux-gnu/4.8/lto-wrapper]
  ignore line: [Target: x86_64-linux-gnu]
  ignore line: [Configured with: ../src/configure -v --with-pkgversion='Ubuntu 4.8.2-19ubuntu1' --with-bugurl=file:///usr/share/doc/gcc-4.8/README.Bugs --enable-languages=c,c++,java,go,d,fortran,objc,obj-c++ --prefix=/usr --program-suffix=-4.8 --enable-shared --enable-linker-build-id --libexecdir=/usr/lib --without-included-gettext --enable-threads=posix --with-gxx-include-dir=/usr/include/c++/4.8 --libdir=/usr/lib --enable-nls --with-sysroot=/ --enable-clocale=gnu --enable-libstdcxx-debug --enable-libstdcxx-time=yes --enable-gnu-unique-object --disable-libmudflap --enable-plugin --with-system-zlib --disable-browser-plugin --enable-java-awt=gtk --enable-gtk-cairo --with-java-home=/usr/lib/jvm/java-1.5.0-gcj-4.8-amd64/jre --enable-java-home --with-jvm-root-dir=/usr/lib/jvm/java-1.5.0-gcj-4.8-amd64 --with-jvm-jar-dir=/usr/lib/jvm-exports/java-1.5.0-gcj-4.8-amd64 --with-arch-directory=amd64 --with-ecj-jar=/usr/share/java/eclipse-ecj.jar --enable-objc-gc --enable-multiarch --disable-werror --with-arch-32=i686 --with-abi=m64 --with-multilib-list=m32,m64,mx32 --with-tune=generic --enable-checking=release --build=x86_64-linux-gnu --host=x86_64-linux-gnu --target=x86_64-linux-gnu]
  ignore line: [Thread model: posix]
  ignore line: [gcc version 4.8.2 (Ubuntu 4.8.2-19ubuntu1) ]
  ignore line: [COMPILER_PATH=/usr/lib/gcc/x86_64-linux-gnu/4.8/:/usr/lib/gcc/x86_64-linux-gnu/4.8/:/usr/lib/gcc/x86_64-linux-gnu/:/usr/lib/gcc/x86_64-linux-gnu/4.8/:/usr/lib/gcc/x86_64-linux-gnu/]
  ignore line: [LIBRARY_PATH=/usr/lib/gcc/x86_64-linux-gnu/4.8/:/usr/lib/gcc/x86_64-linux-gnu/4.8/../../../x86_64-linux-gnu/:/usr/lib/gcc/x86_64-linux-gnu/4.8/../../../../lib/:/lib/x86_64-linux-gnu/:/lib/../lib/:/usr/lib/x86_64-linux-gnu/:/usr/lib/../lib/:/usr/lib/gcc/x86_64-linux-gnu/4.8/../../../:/lib/:/usr/lib/]
  ignore line: [COLLECT_GCC_OPTIONS='-v' '-o' 'cmTryCompileExec3405666589' '-rdynamic' '-shared-libgcc' '-mtune=generic' '-march=x86-64']
  link line: [ /usr/lib/gcc/x86_64-linux-gnu/4.8/collect2 --sysroot=/ --build-id --eh-frame-hdr -m elf_x86_64 --hash-style=gnu --as-needed -export-dynamic -dynamic-linker /lib64/ld-linux-x86-64.so.2 -z relro -o cmTryCompileExec3405666589 /usr/lib/gcc/x86_64-linux-gnu/4.8/../../../x86_64-linux-gnu/crt1.o /usr/lib/gcc/x86_64-linux-gnu/4.8/../../../x86_64-linux-gnu/crti.o /usr/lib/gcc/x86_64-linux-gnu/4.8/crtbegin.o -L/usr/lib/gcc/x86_64-linux-gnu/4.8 -L/usr/lib/gcc/x86_64-linux-gnu/4.8/../../../x86_64-linux-gnu -L/usr/lib/gcc/x86_64-linux-gnu/4.8/../../../../lib -L/lib/x86_64-linux-gnu -L/lib/../lib -L/usr/lib/x86_64-linux-gnu -L/usr/lib/../lib -L/usr/lib/gcc/x86_64-linux-gnu/4.8/../../.. CMakeFiles/cmTryCompileExec3405666589.dir/CMakeCXXCompilerABI.cpp.o -lstdc++ -lm -lgcc_s -lgcc -lc -lgcc_s -lgcc /usr/lib/gcc/x86_64-linux-gnu/4.8/crtend.o /usr/lib/gcc/x86_64-linux-gnu/4.8/../../../x86_64-linux-gnu/crtn.o]
    arg [/usr/lib/gcc/x86_64-linux-gnu/4.8/collect2] ==> ignore
    arg [--sysroot=/] ==> ignore
    arg [--build-id] ==> ignore
    arg [--eh-frame-hdr] ==> ignore
    arg [-m] ==> ignore
    arg [elf_x86_64] ==> ignore
    arg [--hash-style=gnu] ==> ignore
    arg [--as-needed] ==> ignore
    arg [-export-dynamic] ==> ignore
    arg [-dynamic-linker] ==> ignore
    arg [/lib64/ld-linux-x86-64.so.2] ==> ignore
    arg [-zrelro] ==> ignore
    arg [-o] ==> ignore
    arg [cmTryCompileExec3405666589] ==> ignore
    arg [/usr/lib/gcc/x86_64-linux-gnu/4.8/../../../x86_64-linux-gnu/crt1.o] ==> ignore
    arg [/usr/lib/gcc/x86_64-linux-gnu/4.8/../../../x86_64-linux-gnu/crti.o] ==> ignore
    arg [/usr/lib/gcc/x86_64-linux-gnu/4.8/crtbegin.o] ==> ignore
    arg [-L/usr/lib/gcc/x86_64-linux-gnu/4.8] ==> dir [/usr/lib/gcc/x86_64-linux-gnu/4.8]
    arg [-L/usr/lib/gcc/x86_64-linux-gnu/4.8/../../../x86_64-linux-gnu] ==> dir [/usr/lib/gcc/x86_64-linux-gnu/4.8/../../../x86_64-linux-gnu]
    arg [-L/usr/lib/gcc/x86_64-linux-gnu/4.8/../../../../lib] ==> dir [/usr/lib/gcc/x86_64-linux-gnu/4.8/../../../../lib]
    arg [-L/lib/x86_64-linux-gnu] ==> dir [/lib/x86_64-linux-gnu]
    arg [-L/lib/../lib] ==> dir [/lib/../lib]
    arg [-L/usr/lib/x86_64-linux-gnu] ==> dir [/usr/lib/x86_64-linux-gnu]
    arg [-L/usr/lib/../lib] ==> dir [/usr/lib/../lib]
    arg [-L/usr/lib/gcc/x86_64-linux-gnu/4.8/../../..] ==> dir [/usr/lib/gcc/x86_64-linux-gnu/4.8/../../..]
    arg [CMakeFiles/cmTryCompileExec3405666589.dir/CMakeCXXCompilerABI.cpp.o] ==> ignore
    arg [-lstdc++] ==> lib [stdc++]
    arg [-lm] ==> lib [m]
    arg [-lgcc_s] ==> lib [gcc_s]
    arg [-lgcc] ==> lib [gcc]
    arg [-lc] ==> lib [c]
    arg [-lgcc_s] ==> lib [gcc_s]
    arg [-lgcc] ==> lib [gcc]
    arg [/usr/lib/gcc/x86_64-linux-gnu/4.8/crtend.o] ==> ignore
    arg [/usr/lib/gcc/x86_64-linux-gnu/4.8/../../../x86_64-linux-gnu/crtn.o] ==> ignore
  remove lib [gcc_s]
  remove lib [gcc]
  remove lib [gcc_s]
  remove lib [gcc]
  collapse library dir [/usr/lib/gcc/x86_64-linux-gnu/4.8] ==> [/usr/lib/gcc/x86_64-linux-gnu/4.8]
  collapse library dir [/usr/lib/gcc/x86_64-linux-gnu/4.8/../../../x86_64-linux-gnu] ==> [/usr/lib/x86_64-linux-gnu]
  collapse library dir [/usr/lib/gcc/x86_64-linux-gnu/4.8/../../../../lib] ==> [/usr/lib]
  collapse library dir [/lib/x86_64-linux-gnu] ==> [/lib/x86_64-linux-gnu]
  collapse library dir [/lib/../lib] ==> [/lib]
  collapse library dir [/usr/lib/x86_64-linux-gnu] ==> [/usr/lib/x86_64-linux-gnu]
  collapse library dir [/usr/lib/../lib] ==> [/usr/lib]
  collapse library dir [/usr/lib/gcc/x86_64-linux-gnu/4.8/../../..] ==> [/usr/lib]
  implicit libs: [stdc++;m;c]
  implicit dirs: [/usr/lib/gcc/x86_64-linux-gnu/4.8;/usr/lib/x86_64-linux-gnu;/usr/lib;/lib/x86_64-linux-gnu;/lib]
  implicit fwks: []


Determining if the C compiler works passed with the following output:
Change Dir: /home/ariel/Documentos/gr-pmt_cpp/CMakeFiles/CMakeTmp

Run Build Command:/usr/bin/make "cmTryCompileExec1015019146/fast"
/usr/bin/make -f CMakeFiles/cmTryCompileExec1015019146.dir/build.make CMakeFiles/cmTryCompileExec1015019146.dir/build
make[1]: Entrando no diretório `/home/ariel/Documentos/gr-pmt_cpp/CMakeFiles/CMakeTmp'
/usr/bin/cmake -E cmake_progress_report /home/ariel/Documentos/gr-pmt_cpp/CMakeFiles/CMakeTmp/CMakeFiles 1
Building C object CMakeFiles/cmTryCompileExec1015019146.dir/testCCompiler.c.o
/usr/bin/gcc    -o CMakeFiles/cmTryCompileExec1015019146.dir/testCCompiler.c.o   -c /home/ariel/Documentos/gr-pmt_cpp/CMakeFiles/CMakeTmp/testCCompiler.c
Linking C executable cmTryCompileExec1015019146
/usr/bin/cmake -E cmake_link_script CMakeFiles/cmTryCompileExec1015019146.dir/link.txt --verbose=1
/usr/bin/gcc       CMakeFiles/cmTryCompileExec1015019146.dir/testCCompiler.c.o  -o cmTryCompileExec1015019146 -rdynamic 
make[1]: Saindo do diretório `/home/ariel/Documentos/gr-pmt_cpp/CMakeFiles/CMakeTmp'


Detecting C compiler ABI info compiled with the following output:
Change Dir: /home/ariel/Documentos/gr-pmt_cpp/CMakeFiles/CMakeTmp

Run Build Command:/usr/bin/make "cmTryCompileExec2128613256/fast"
/usr/bin/make -f CMakeFiles/cmTryCompileExec2128613256.dir/build.make CMakeFiles/cmTryCompileExec2128613256.dir/build
make[1]: Entrando no diretório `/home/ariel/Documentos/gr-pmt_cpp/CMakeFiles/CMakeTmp'
/usr/bin/cmake -E cmake_progress_report /home/ariel/Documentos/gr-pmt_cpp/CMakeFiles/CMakeTmp/CMakeFiles 1
Building C object CMakeFiles/cmTryCompileExec2128613256.dir/CMakeCCompilerABI.c.o
/usr/bin/gcc    -o CMakeFiles/cmTryCompileExec2128613256.dir/CMakeCCompilerABI.c.o   -c /usr/share/cmake-2.8/Modules/CMakeCCompilerABI.c
Linking C executable cmTryCompileExec2128613256
/usr/bin/cmake -E cmake_link_script CMakeFiles/cmTryCompileExec2128613256.dir/link.txt --verbose=1
/usr/bin/gcc     -v CMakeFiles/cmTryCompileExec2128613256.dir/CMakeCCompilerABI.c.o  -o cmTryCompileExec2128613256 -rdynamic  
Using built-in specs.
COLLECT_GCC=/usr/bin/gcc
COLLECT_LTO_WRAPPER=/usr/lib/gcc/x86_64-linux-gnu/4.8/lto-wrapper
Target: x86_64-linux-gnu
Configured with: ../src/configure -v --with-pkgversion='Ubuntu 4.8.2-19ubuntu1' --with-bugurl=file:///usr/share/doc/gcc-4.8/README.Bugs --enable-languages=c,c++,java,go,d,fortran,objc,obj-c++ --prefix=/usr --program-suffix=-4.8 --enable-shared --enable-linker-build-id --libexecdir=/usr/lib --without-included-gettext --enable-threads=posix --with-gxx-include-dir=/usr/include/c++/4.8 --libdir=/usr/lib --enable-nls --with-sysroot=/ --enable-clocale=gnu --enable-libstdcxx-debug --enable-libstdcxx-time=yes --enable-gnu-unique-object --disable-libmudflap --enable-plugin --with-system-zlib --disable-browser-plugin --enable-java-awt=gtk --enable-gtk-cairo --with-java-home=/usr/lib/jvm/java-1.5.0-gcj-4.8-amd64/jre --enable-java-home --with-jvm-root-dir=/usr/lib/jvm/java-1.5.0-gcj-4.8-amd64 --with-jvm-jar-dir=/usr/lib/jvm-exports/java-1.5.0-gcj-4.8-amd64 --with-arch-directory=amd64 --with-ecj-jar=/usr/share/java/eclipse-ecj.jar --enable-objc-gc --enable-multiarch --disable-werror --with-arch-32=i686 --with-abi=m64 --with-multilib-list=m32,m64,mx32 --with-tune=generic --enable-checking=release --build=x86_64-linux-gnu --host=x86_64-linux-gnu --target=x86_64-linux-gnu
Thread model: posix
gcc version 4.8.2 (Ubuntu 4.8.2-19ubuntu1) 
COMPILER_PATH=/usr/lib/gcc/x86_64-linux-gnu/4.8/:/usr/lib/gcc/x86_64-linux-gnu/4.8/:/usr/lib/gcc/x86_64-linux-gnu/:/usr/lib/gcc/x86_64-linux-gnu/4.8/:/usr/lib/gcc/x86_64-linux-gnu/
LIBRARY_PATH=/usr/lib/gcc/x86_64-linux-gnu/4.8/:/usr/lib/gcc/x86_64-linux-gnu/4.8/../../../x86_64-linux-gnu/:/usr/lib/gcc/x86_64-linux-gnu/4.8/../../../../lib/:/lib/x86_64-linux-gnu/:/lib/../lib/:/usr/lib/x86_64-linux-gnu/:/usr/lib/../lib/:/usr/lib/gcc/x86_64-linux-gnu/4.8/../../../:/lib/:/usr/lib/
COLLECT_GCC_OPTIONS='-v' '-o' 'cmTryCompileExec2128613256' '-rdynamic' '-mtune=generic' '-march=x86-64'
 /usr/lib/gcc/x86_64-linux-gnu/4.8/collect2 --sysroot=/ --build-id --eh-frame-hdr -m elf_x86_64 --hash-style=gnu --as-needed -export-dynamic -dynamic-linker /lib64/ld-linux-x86-64.so.2 -z relro -o cmTryCompileExec2128613256 /usr/lib/gcc/x86_64-linux-gnu/4.8/../../../x86_64-linux-gnu/crt1.o /usr/lib/gcc/x86_64-linux-gnu/4.8/../../../x86_64-linux-gnu/crti.o /usr/lib/gcc/x86_64-linux-gnu/4.8/crtbegin.o -L/usr/lib/gcc/x86_64-linux-gnu/4.8 -L/usr/lib/gcc/x86_64-linux-gnu/4.8/../../../x86_64-linux-gnu -L/usr/lib/gcc/x86_64-linux-gnu/4.8/../../../../lib -L/lib/x86_64-linux-gnu -L/lib/../lib -L/usr/lib/x86_64-linux-gnu -L/usr/lib/../lib -L/usr/lib/gcc/x86_64-linux-gnu/4.8/../../.. CMakeFiles/cmTryCompileExec2128613256.dir/CMakeCCompilerABI.c.o -lgcc --as-needed -lgcc_s --no-as-needed -lc -lgcc --as-needed -lgcc_s --no-as-needed /usr/lib/gcc/x86_64-linux-gnu/4.8/crtend.o /usr/lib/gcc/x86_64-linux-gnu/4.8/../../../x86_64-linux-gnu/crtn.o
make[1]: Saindo do diretório `/home/ariel/Documentos/gr-pmt_cpp/CMakeFiles/CMakeTmp'


Parsed C implicit link information from above output:
  link line regex: [^( *|.*[/\])(ld|([^/\]+-)?ld|collect2)[^/\]*( |$)]
  ignore line: [Change Dir: /home/ariel/Documentos/gr-pmt_cpp/CMakeFiles/CMakeTmp]
  ignore line: []
  ignore line: [Run Build Command:/usr/bin/make "cmTryCompileExec2128613256/fast"]
  ignore line: [/usr/bin/make -f CMakeFiles/cmTryCompileExec2128613256.dir/build.make CMakeFiles/cmTryCompileExec2128613256.dir/build]
  ignore line: [make[1]: Entrando no diretório `/home/ariel/Documentos/gr-pmt_cpp/CMakeFiles/CMakeTmp']
  ignore line: [/usr/bin/cmake -E cmake_progress_report /home/ariel/Documentos/gr-pmt_cpp/CMakeFiles/CMakeTmp/CMakeFiles 1]
  ignore line: [Building C object CMakeFiles/cmTryCompileExec2128613256.dir/CMakeCCompilerABI.c.o]
  ignore line: [/usr/bin/gcc    -o CMakeFiles/cmTryCompileExec2128613256.dir/CMakeCCompilerABI.c.o   -c /usr/share/cmake-2.8/Modules/CMakeCCompilerABI.c]
  ignore line: [Linking C executable cmTryCompileExec2128613256]
  ignore line: [/usr/bin/cmake -E cmake_link_script CMakeFiles/cmTryCompileExec2128613256.dir/link.txt --verbose=1]
  ignore line: [/usr/bin/gcc     -v CMakeFiles/cmTryCompileExec2128613256.dir/CMakeCCompilerABI.c.o  -o cmTryCompileExec2128613256 -rdynamic  ]
  ignore line: [Using built-in specs.]
  ignore line: [COLLECT_GCC=/usr/bin/gcc]
  ignore line: [COLLECT_LTO_WRAPPER=/usr/lib/gcc/x86_64-linux-gnu/4.8/lto-wrapper]
  ignore line: [Target: x86_64-linux-gnu]
  ignore line: [Configured with: ../src/configure -v --with-pkgversion='Ubuntu 4.8.2-19ubuntu1' --with-bugurl=file:///usr/share/doc/gcc-4.8/README.Bugs --enable-languages=c,c++,java,go,d,fortran,objc,obj-c++ --prefix=/usr --program-suffix=-4.8 --enable-shared --enable-linker-build-id --libexecdir=/usr/lib --without-included-gettext --enable-threads=posix --with-gxx-include-dir=/usr/include/c++/4.8 --libdir=/usr/lib --enable-nls --with-sysroot=/ --enable-clocale=gnu --enable-libstdcxx-debug --enable-libstdcxx-time=yes --enable-gnu-unique-object --disable-libmudflap --enable-plugin --with-system-zlib --disable-browser-plugin --enable-java-awt=gtk --enable-gtk-cairo --with-java-home=/usr/lib/jvm/java-1.5.0-gcj-4.8-amd64/jre --enable-java-home --with-jvm-root-dir=/usr/lib/jvm/java-1.5.0-gcj-4.8-amd64 --with-jvm-jar-dir=/usr/lib/jvm-exports/java-1.5.0-gcj-4.8-amd64 --with-arch-directory=amd64 --with-ecj-jar=/usr/share/java/eclipse-ecj.jar --enable-objc-gc --enable-multiarch --disable-werror --with-arch-32=i686 --with-abi=m64 --with-multilib-list=m32,m64,mx32 --with-tune=generic --enable-checking=release --build=x86_64-linux-gnu --host=x86_64-linux-gnu --target=x86_64-linux-gnu]
  ignore line: [Thread model: posix]
  ignore line: [gcc version 4.8.2 (Ubuntu 4.8.2-19ubuntu1) ]
  ignore line: [COMPILER_PATH=/usr/lib/gcc/x86_64-linux-gnu/4.8/:/usr/lib/gcc/x86_64-linux-gnu/4.8/:/usr/lib/gcc/x86_64-linux-gnu/:/usr/lib/gcc/x86_64-linux-gnu/4.8/:/usr/lib/gcc/x86_64-linux-gnu/]
  ignore line: [LIBRARY_PATH=/usr/lib/gcc/x86_64-linux-gnu/4.8/:/usr/lib/gcc/x86_64-linux-gnu/4.8/../../../x86_64-linux-gnu/:/usr/lib/gcc/x86_64-linux-gnu/4.8/../../../../lib/:/lib/x86_64-linux-gnu/:/lib/../lib/:/usr/lib/x86_64-linux-gnu/:/usr/lib/../lib/:/usr/lib/gcc/x86_64-linux-gnu/4.8/../../../:/lib/:/usr/lib/]
  ignore line: [COLLECT_GCC_OPTIONS='-v' '-o' 'cmTryCompileExec2128613256' '-rdynamic' '-mtune=generic' '-march=x86-64']
  link line: [ /usr/lib/gcc/x86_64-linux-gnu/4.8/collect2 --sysroot=/ --build-id --eh-frame-hdr -m elf_x86_64 --hash-style=gnu --as-needed -export-dynamic -dynamic-linker /lib64/ld-linux-x86-64.so.2 -z relro -o cmTryCompileExec2128613256 /usr/lib/gcc/x86_64-linux-gnu/4.8/../../../x86_64-linux-gnu/crt1.o /usr/lib/gcc/x86_64-linux-gnu/4.8/../../../x86_64-linux-gnu/crti.o /usr/lib/gcc/x86_64-linux-gnu/4.8/crtbegin.o -L/usr/lib/gcc/x86_64-linux-gnu/4.8 -L/usr/lib/gcc/x86_64-linux-gnu/4.8/../../../x86_64-linux-gnu -L/usr/lib/gcc/x86_64-linux-gnu/4.8/../../../../lib -L/lib/x86_64-linux-gnu -L/lib/../lib -L/usr/lib/x86_64-linux-gnu -L/usr/lib/../lib -L/usr/lib/gcc/x86_64-linux-gnu/4.8/../../.. CMakeFiles/cmTryCompileExec2128613256.dir/CMakeCCompilerABI.c.o -lgcc --as-needed -lgcc_s --no-as-needed -lc -lgcc --as-needed -lgcc_s --no-as-needed /usr/lib/gcc/x86_64-linux-gnu/4.8/crtend.o /usr/lib/gcc/x86_64-linux-gnu/4.8/../../../x86_64-linux-gnu/crtn.o]
    arg [/usr/lib/gcc/x86_64-linux-gnu/4.8/collect2] ==> ignore
    arg [--sysroot=/] ==> ignore
    arg [--build-id] ==> ignore
    arg [--eh-frame-hdr] ==> ignore
    arg [-m] ==> ignore
    arg [elf_x86_64] ==> ignore
    arg [--hash-style=gnu] ==> ignore
    arg [--as-needed] ==> ignore
    arg [-export-dynamic] ==> ignore
    arg [-dynamic-linker] ==> ignore
    arg [/lib64/ld-linux-x86-64.so.2] ==> ignore
    arg [-zrelro] ==> ignore
    arg [-o] ==> ignore
    arg [cmTryCompileExec2128613256] ==> ignore
    arg [/usr/lib/gcc/x86_64-linux-gnu/4.8/../../../x86_64-linux-gnu/crt1.o] ==> ignore
    arg [/usr/lib/gcc/x86_64-linux-gnu/4.8/../../../x86_64-linux-gnu/crti.o] ==> ignore
    arg [/usr/lib/gcc/x86_64-linux-gnu/4.8/crtbegin.o] ==> ignore
    arg [-L/usr/lib/gcc/x86_64-linux-gnu/4.8] ==> dir [/usr/lib/gcc/x86_64-linux-gnu/4.8]
    arg [-L/usr/lib/gcc/x86_64-linux-gnu/4.8/../../../x86_64-linux-gnu] ==> dir [/usr/lib/gcc/x86_64-linux-gnu/4.8/../../../x86_64-linux-gnu]
    arg [-L/usr/lib/gcc/x86_64-linux-gnu/4.8/../../../../lib] ==> dir [/usr/lib/gcc/x86_64-linux-gnu/4.8/../../../../lib]
    arg [-L/lib/x86_64-linux-gnu] ==> dir [/lib/x86_64-linux-gnu]
    arg [-L/lib/../lib] ==> dir [/lib/../lib]
    arg [-L/usr/lib/x86_64-linux-gnu] ==> dir [/usr/lib/x86_64-linux-gnu]
    arg [-L/usr/lib/../lib] ==> dir [/usr/lib/../lib]
    arg [-L/usr/lib/gcc/x86_64-linux-gnu/4.8/../../..] ==> dir [/usr/lib/gcc/x86_64-linux-gnu/4.8/../../..]
    arg [CMakeFiles/cmTryCompileExec2128613256.dir/CMakeCCompilerABI.c.o] ==> ignore
    arg [-lgcc] ==> lib [gcc]
    arg [--as-needed] ==> ignore
    arg [-lgcc_s] ==> lib [gcc_s]
    arg [--no-as-needed] ==> ignore
    arg [-lc] ==> lib [c]
    arg [-lgcc] ==> lib [gcc]
    arg [--as-needed] ==> ignore
    arg [-lgcc_s] ==> lib [gcc_s]
    arg [--no-as-needed] ==> ignore
    arg [/usr/lib/gcc/x86_64-linux-gnu/4.8/crtend.o] ==> ignore
    arg [/usr/lib/gcc/x86_64-linux-gnu/4.8/../../../x86_64-linux-gnu/crtn.o] ==> ignore
  remove lib [gcc]
  remove lib [gcc_s]
  remove lib [gcc]
  remove lib [gcc_s]
  collapse library dir [/usr/lib/gcc/x86_64-linux-gnu/4.8] ==> [/usr/lib/gcc/x86_64-linux-gnu/4.8]
  collapse library dir [/usr/lib/gcc/x86_64-linux-gnu/4.8/../../../x86_64-linux-gnu] ==> [/usr/lib/x86_64-linux-gnu]
  collapse library dir [/usr/lib/gcc/x86_64-linux-gnu/4.8/../../../../lib] ==> [/usr/lib]
  collapse library dir [/lib/x86_64-linux-gnu] ==> [/lib/x86_64-linux-gnu]
  collapse library dir [/lib/../lib] ==> [/lib]
  collapse library dir [/usr/lib/x86_64-linux-gnu] ==> [/usr/lib/x86_64-linux-gnu]
  collapse library dir [/usr/lib/../lib] ==> [/usr/lib]
  collapse library dir [/usr/lib/gcc/x86_64-linux-gnu/4.8/../../..] ==> [/usr/lib]
  implicit libs: [c]
  implicit dirs: [/usr/lib/gcc/x86_64-linux-gnu/4.8;/usr/lib/x86_64-linux-gnu;/usr/lib;/lib/x86_64-linux-gnu;/lib]
  implicit fwks: []


Determining if the include file sys/types.h exists passed with the following output:
Change Dir: /home/ariel/Documentos/gr-pmt_cpp/CMakeFiles/CMakeTmp

Run Build Command:/usr/bin/make "cmTryCompileExec1160657027/fast"
/usr/bin/make -f CMakeFiles/cmTryCompileExec1160657027.dir/build.make CMakeFiles/cmTryCompileExec1160657027.dir/build
make[1]: Entrando no diretório `/home/ariel/Documentos/gr-pmt_cpp/CMakeFiles/CMakeTmp'
/usr/bin/cmake -E cmake_progress_report /home/ariel/Documentos/gr-pmt_cpp/CMakeFiles/CMakeTmp/CMakeFiles 1
Building C object CMakeFiles/cmTryCompileExec1160657027.dir/CheckIncludeFile.c.o
/usr/bin/gcc    -o CMakeFiles/cmTryCompileExec1160657027.dir/CheckIncludeFile.c.o   -c /home/ariel/Documentos/gr-pmt_cpp/CMakeFiles/CMakeTmp/CheckIncludeFile.c
Linking C executable cmTryCompileExec1160657027
/usr/bin/cmake -E cmake_link_script CMakeFiles/cmTryCompileExec1160657027.dir/link.txt --verbose=1
/usr/bin/gcc       CMakeFiles/cmTryCompileExec1160657027.dir/CheckIncludeFile.c.o  -o cmTryCompileExec1160657027 -rdynamic 
make[1]: Saindo do diretório `/home/ariel/Documentos/gr-pmt_cpp/CMakeFiles/CMakeTmp'


Determining if the include file stdint.h exists passed with the following output:
Change Dir: /home/ariel/Documentos/gr-pmt_cpp/CMakeFiles/CMakeTmp

Run Build Command:/usr/bin/make "cmTryCompileExec1151230250/fast"
/usr/bin/make -f CMakeFiles/cmTryCompileExec1151230250.dir/build.make CMakeFiles/cmTryCompileExec1151230250.dir/build
make[1]: Entrando no diretório `/home/ariel/Documentos/gr-pmt_cpp/CMakeFiles/CMakeTmp'
/usr/bin/cmake -E cmake_progress_report /home/ariel/Documentos/gr-pmt_cpp/CMakeFiles/CMakeTmp/CMakeFiles 1
Building C object CMakeFiles/cmTryCompileExec1151230250.dir/CheckIncludeFile.c.o
/usr/bin/gcc    -o CMakeFiles/cmTryCompileExec1151230250.dir/CheckIncludeFile.c.o   -c /home/ariel/Documentos/gr-pmt_cpp/CMakeFiles/CMakeTmp/CheckIncludeFile.c
Linking C executable cmTryCompileExec1151230250
/usr/bin/cmake -E cmake_link_script CMakeFiles/cmTryCompileExec1151230250.dir/link.txt --verbose=1
/usr/bin/gcc       CMakeFiles/cmTryCompileExec1151230250.dir/CheckIncludeFile.c.o  -o cmTryCompileExec1151230250 -rdynamic 
make[1]: Saindo do diretório `/home/ariel/Documentos/gr-pmt_cpp/CMakeFiles/CMakeTmp'


Determining if the include file stddef.h exists passed with the following output:
Change Dir: /home/ariel/Documentos/gr-pmt_cpp/CMakeFiles/CMakeTmp

Run Build Command:/usr/bin/make "cmTryCompileExec79311653/fast"
/usr/bin/make -f CMakeFiles/cmTryCompileExec79311653.dir/build.make CMakeFiles/cmTryCompileExec79311653.dir/build
make[1]: Entrando no diretório `/home/ariel/Documentos/gr-pmt_cpp/CMakeFiles/CMakeTmp'
/usr/bin/cmake -E cmake_progress_report /home/ariel/Documentos/gr-pmt_cpp/CMakeFiles/CMakeTmp/CMakeFiles 1
Building C object CMakeFiles/cmTryCompileExec79311653.dir/CheckIncludeFile.c.o
/usr/bin/gcc    -o CMakeFiles/cmTryCompileExec79311653.dir/CheckIncludeFile.c.o   -c /home/ariel/Documentos/gr-pmt_cpp/CMakeFiles/CMakeTmp/CheckIncludeFile.c
Linking C executable cmTryCompileExec79311653
/usr/bin/cmake -E cmake_link_script CMakeFiles/cmTryCompileExec79311653.dir/link.txt --verbose=1
/usr/bin/gcc       CMakeFiles/cmTryCompileExec79311653.dir/CheckIncludeFile.c.o  -o cmTryCompileExec79311653 -rdynamic 
make[1]: Saindo do diretório `/home/ariel/Documentos/gr-pmt_cpp/CMakeFiles/CMakeTmp'


Determining size of size_t passed with the following output:
Change Dir: /home/ariel/Documentos/gr-pmt_cpp/CMakeFiles/CMakeTmp

Run Build Command:/usr/bin/make "cmTryCompileExec2889115306/fast"
/usr/bin/make -f CMakeFiles/cmTryCompileExec2889115306.dir/build.make CMakeFiles/cmTryCompileExec2889115306.dir/build
make[1]: Entrando no diretório `/home/ariel/Documentos/gr-pmt_cpp/CMakeFiles/CMakeTmp'
/usr/bin/cmake -E cmake_progress_report /home/ariel/Documentos/gr-pmt_cpp/CMakeFiles/CMakeTmp/CMakeFiles 1
Building C object CMakeFiles/cmTryCompileExec2889115306.dir/SIZEOF_SIZE_T.c.o
/usr/bin/gcc    -o CMakeFiles/cmTryCompileExec2889115306.dir/SIZEOF_SIZE_T.c.o   -c /home/ariel/Documentos/gr-pmt_cpp/CMakeFiles/CheckTypeSize/SIZEOF_SIZE_T.c
Linking C executable cmTryCompileExec2889115306
/usr/bin/cmake -E cmake_link_script CMakeFiles/cmTryCompileExec2889115306.dir/link.txt --verbose=1
/usr/bin/gcc       CMakeFiles/cmTryCompileExec2889115306.dir/SIZEOF_SIZE_T.c.o  -o cmTryCompileExec2889115306 -rdynamic 
make[1]: Saindo do diretório `/home/ariel/Documentos/gr-pmt_cpp/CMakeFiles/CMakeTmp'


Determining size of unsigned int passed with the following output:
Change Dir: /home/ariel/Documentos/gr-pmt_cpp/CMakeFiles/CMakeTmp

Run Build Command:/usr/bin/make "cmTryCompileExec2386738071/fast"
/usr/bin/make -f CMakeFiles/cmTryCompileExec2386738071.dir/build.make CMakeFiles/cmTryCompileExec2386738071.dir/build
make[1]: Entrando no diretório `/home/ariel/Documentos/gr-pmt_cpp/CMakeFiles/CMakeTmp'
/usr/bin/cmake -E cmake_progress_report /home/ariel/Documentos/gr-pmt_cpp/CMakeFiles/CMakeTmp/CMakeFiles 1
Building C object CMakeFiles/cmTryCompileExec2386738071.dir/SIZEOF_UINT.c.o
/usr/bin/gcc    -o CMakeFiles/cmTryCompileExec2386738071.dir/SIZEOF_UINT.c.o   -c /home/ariel/Documentos/gr-pmt_cpp/CMakeFiles/CheckTypeSize/SIZEOF_UINT.c
Linking C executable cmTryCompileExec2386738071
/usr/bin/cmake -E cmake_link_script CMakeFiles/cmTryCompileExec2386738071.dir/link.txt --verbose=1
/usr/bin/gcc       CMakeFiles/cmTryCompileExec2386738071.dir/SIZEOF_UINT.c.o  -o cmTryCompileExec2386738071 -rdynamic 
make[1]: Saindo do diretório `/home/ariel/Documentos/gr-pmt_cpp/CMakeFiles/CMakeTmp'


Performing C++ SOURCE FILE Test HAVE_WNO_UNUSED_BUT_SET_VARIABLE succeded with the following output:
Change Dir: /home/ariel/Documentos/gr-pmt_cpp/CMakeFiles/CMakeTmp

Run Build Command:/usr/bin/make "cmTryCompileExec2181723033/fast"
/usr/bin/make -f CMakeFiles/cmTryCompileExec2181723033.dir/build.make CMakeFiles/cmTryCompileExec2181723033.dir/build
make[1]: Entering directory `/home/ariel/Documentos/gr-pmt_cpp/CMakeFiles/CMakeTmp'
/usr/bin/cmake -E cmake_progress_report /home/ariel/Documentos/gr-pmt_cpp/CMakeFiles/CMakeTmp/CMakeFiles 1
Building CXX object CMakeFiles/cmTryCompileExec2181723033.dir/src.cxx.o
/usr/bin/g++    -DHAVE_WNO_UNUSED_BUT_SET_VARIABLE   -Wno-unused-but-set-variable -o CMakeFiles/cmTryCompileExec2181723033.dir/src.cxx.o -c /home/ariel/Documentos/gr-pmt_cpp/CMakeFiles/CMakeTmp/src.cxx
Linking CXX executable cmTryCompileExec2181723033
/usr/bin/cmake -E cmake_link_script CMakeFiles/cmTryCompileExec2181723033.dir/link.txt --verbose=1
/usr/bin/g++    -DHAVE_WNO_UNUSED_BUT_SET_VARIABLE    CMakeFiles/cmTryCompileExec2181723033.dir/src.cxx.o  -o cmTryCompileExec2181723033 -rdynamic 
make[1]: Leaving directory `/home/ariel/Documentos/gr-pmt_cpp/CMakeFiles/CMakeTmp'

Source file was:
int main() { return 0;}
Determining if the include file sys/types.h exists passed with the following output:
Change Dir: /home/ariel/Documentos/Blocks/gr-pmt_cpp/CMakeFiles/CMakeTmp

Run Build Command:/usr/bin/make "cmTryCompileExec435636393/fast"
/usr/bin/make -f CMakeFiles/cmTryCompileExec435636393.dir/build.make CMakeFiles/cmTryCompileExec435636393.dir/build
make[1]: Entrando no diretório `/home/ariel/Documentos/Blocks/gr-pmt_cpp/CMakeFiles/CMakeTmp'
/usr/bin/cmake -E cmake_progress_report /home/ariel/Documentos/Blocks/gr-pmt_cpp/CMakeFiles/CMakeTmp/CMakeFiles 1
Building C object CMakeFiles/cmTryCompileExec435636393.dir/CheckIncludeFile.c.o
/usr/bin/gcc    -o CMakeFiles/cmTryCompileExec435636393.dir/CheckIncludeFile.c.o   -c /home/ariel/Documentos/Blocks/gr-pmt_cpp/CMakeFiles/CMakeTmp/CheckIncludeFile.c
Linking C executable cmTryCompileExec435636393
/usr/bin/cmake -E cmake_link_script CMakeFiles/cmTryCompileExec435636393.dir/link.txt --verbose=1
/usr/bin/gcc       CMakeFiles/cmTryCompileExec435636393.dir/CheckIncludeFile.c.o  -o cmTryCompileExec435636393 -rdynamic 
make[1]: Saindo do diretório `/home/ariel/Documentos/Blocks/gr-pmt_cpp/CMakeFiles/CMakeTmp'


Determining if the include file stdint.h exists passed with the following output:
Change Dir: /home/ariel/Documentos/Blocks/gr-pmt_cpp/CMakeFiles/CMakeTmp

Run Build Command:/usr/bin/make "cmTryCompileExec623252680/fast"
/usr/bin/make -f CMakeFiles/cmTryCompileExec623252680.dir/build.make CMakeFiles/cmTryCompileExec623252680.dir/build
make[1]: Entrando no diretório `/home/ariel/Documentos/Blocks/gr-pmt_cpp/CMakeFiles/CMakeTmp'
/usr/bin/cmake -E cmake_progress_report /home/ariel/Documentos/Blocks/gr-pmt_cpp/CMakeFiles/CMakeTmp/CMakeFiles 1
Building C object CMakeFiles/cmTryCompileExec623252680.dir/CheckIncludeFile.c.o
/usr/bin/gcc    -o CMakeFiles/cmTryCompileExec623252680.dir/CheckIncludeFile.c.o   -c /home/ariel/Documentos/Blocks/gr-pmt_cpp/CMakeFiles/CMakeTmp/CheckIncludeFile.c
Linking C executable cmTryCompileExec623252680
/usr/bin/cmake -E cmake_link_script CMakeFiles/cmTryCompileExec623252680.dir/link.txt --verbose=1
/usr/bin/gcc       CMakeFiles/cmTryCompileExec623252680.dir/CheckIncludeFile.c.o  -o cmTryCompileExec623252680 -rdynamic 
make[1]: Saindo do diretório `/home/ariel/Documentos/Blocks/gr-pmt_cpp/CMakeFiles/CMakeTmp'


Determining if the include file stddef.h exists passed with the following output:
Change Dir: /home/ariel/Documentos/Blocks/gr-pmt_cpp/CMakeFiles/CMakeTmp

Run Build Command:/usr/bin/make "cmTryCompileExec3040822072/fast"
/usr/bin/make -f CMakeFiles/cmTryCompileExec3040822072.dir/build.make CMakeFiles/cmTryCompileExec3040822072.dir/build
make[1]: Entrando no diretório `/home/ariel/Documentos/Blocks/gr-pmt_cpp/CMakeFiles/CMakeTmp'
/usr/bin/cmake -E cmake_progress_report /home/ariel/Documentos/Blocks/gr-pmt_cpp/CMakeFiles/CMakeTmp/CMakeFiles 1
Building C object CMakeFiles/cmTryCompileExec3040822072.dir/CheckIncludeFile.c.o
/usr/bin/gcc    -o CMakeFiles/cmTryCompileExec3040822072.dir/CheckIncludeFile.c.o   -c /home/ariel/Documentos/Blocks/gr-pmt_cpp/CMakeFiles/CMakeTmp/CheckIncludeFile.c
Linking C executable cmTryCompileExec3040822072
/usr/bin/cmake -E cmake_link_script CMakeFiles/cmTryCompileExec3040822072.dir/link.txt --verbose=1
/usr/bin/gcc       CMakeFiles/cmTryCompileExec3040822072.dir/CheckIncludeFile.c.o  -o cmTryCompileExec3040822072 -rdynamic 
make[1]: Saindo do diretório `/home/ariel/Documentos/Blocks/gr-pmt_cpp/CMakeFiles/CMakeTmp'


Determining size of size_t passed with the following output:
Change Dir: /home/ariel/Documentos/Blocks/gr-pmt_cpp/CMakeFiles/CMakeTmp

Run Build Command:/usr/bin/make "cmTryCompileExec781349265/fast"
/usr/bin/make -f CMakeFiles/cmTryCompileExec781349265.dir/build.make CMakeFiles/cmTryCompileExec781349265.dir/build
make[1]: Entrando no diretório `/home/ariel/Documentos/Blocks/gr-pmt_cpp/CMakeFiles/CMakeTmp'
/usr/bin/cmake -E cmake_progress_report /home/ariel/Documentos/Blocks/gr-pmt_cpp/CMakeFiles/CMakeTmp/CMakeFiles 1
Building C object CMakeFiles/cmTryCompileExec781349265.dir/SIZEOF_SIZE_T.c.o
/usr/bin/gcc    -o CMakeFiles/cmTryCompileExec781349265.dir/SIZEOF_SIZE_T.c.o   -c /home/ariel/Documentos/Blocks/gr-pmt_cpp/CMakeFiles/CheckTypeSize/SIZEOF_SIZE_T.c
Linking C executable cmTryCompileExec781349265
/usr/bin/cmake -E cmake_link_script CMakeFiles/cmTryCompileExec781349265.dir/link.txt --verbose=1
/usr/bin/gcc       CMakeFiles/cmTryCompileExec781349265.dir/SIZEOF_SIZE_T.c.o  -o cmTryCompileExec781349265 -rdynamic 
make[1]: Saindo do diretório `/home/ariel/Documentos/Blocks/gr-pmt_cpp/CMakeFiles/CMakeTmp'


Determining size of unsigned int passed with the following output:
Change Dir: /home/ariel/Documentos/Blocks/gr-pmt_cpp/CMakeFiles/CMakeTmp

Run Build Command:/usr/bin/make "cmTryCompileExec2708707206/fast"
/usr/bin/make -f CMakeFiles/cmTryCompileExec2708707206.dir/build.make CMakeFiles/cmTryCompileExec2708707206.dir/build
make[1]: Entrando no diretório `/home/ariel/Documentos/Blocks/gr-pmt_cpp/CMakeFiles/CMakeTmp'
/usr/bin/cmake -E cmake_progress_report /home/ariel/Documentos/Blocks/gr-pmt_cpp/CMakeFiles/CMakeTmp/CMakeFiles 1
Building C object CMakeFiles/cmTryCompileExec2708707206.dir/SIZEOF_UINT.c.o
/usr/bin/gcc    -o CMakeFiles/cmTryCompileExec2708707206.dir/SIZEOF_UINT.c.o   -c /home/ariel/Documentos/Blocks/gr-pmt_cpp/CMakeFiles/CheckTypeSize/SIZEOF_UINT.c
Linking C executable cmTryCompileExec2708707206
/usr/bin/cmake -E cmake_link_script CMakeFiles/cmTryCompileExec2708707206.dir/link.txt --verbose=1
/usr/bin/gcc       CMakeFiles/cmTryCompileExec2708707206.dir/SIZEOF_UINT.c.o  -o cmTryCompileExec2708707206 -rdynamic 
make[1]: Saindo do diretório `/home/ariel/Documentos/Blocks/gr-pmt_cpp/CMakeFiles/CMakeTmp'


Performing C++ SOURCE FILE Test HAVE_WNO_UNUSED_BUT_SET_VARIABLE succeded with the following output:
Change Dir: /home/ariel/Documentos/Blocks/gr-pmt_cpp/CMakeFiles/CMakeTmp

Run Build Command:/usr/bin/make "cmTryCompileExec235396919/fast"
/usr/bin/make -f CMakeFiles/cmTryCompileExec235396919.dir/build.make CMakeFiles/cmTryCompileExec235396919.dir/build
make[1]: Entering directory `/home/ariel/Documentos/Blocks/gr-pmt_cpp/CMakeFiles/CMakeTmp'
/usr/bin/cmake -E cmake_progress_report /home/ariel/Documentos/Blocks/gr-pmt_cpp/CMakeFiles/CMakeTmp/CMakeFiles 1
Building CXX object CMakeFiles/cmTryCompileExec235396919.dir/src.cxx.o
/usr/bin/g++    -DHAVE_WNO_UNUSED_BUT_SET_VARIABLE   -Wno-unused-but-set-variable -o CMakeFiles/cmTryCompileExec235396919.dir/src.cxx.o -c /home/ariel/Documentos/Blocks/gr-pmt_cpp/CMakeFiles/CMakeTmp/src.cxx
Linking CXX executable cmTryCompileExec235396919
/usr/bin/cmake -E cmake_link_script CMakeFiles/cmTryCompileExec235396919.dir/link.txt --verbose=1
/usr/bin/g++    -DHAVE_WNO_UNUSED_BUT_SET_VARIABLE    CMakeFiles/cmTryCompileExec235396919.dir/src.cxx.o  -o cmTryCompileExec235396919 -rdynamic 
make[1]: Leaving directory `/home/ariel/Documentos/Blocks/gr-pmt_cpp/CMakeFiles/CMakeTmp'

Source file was:
int main() { return 0;}
Determining if the include file sys/types.h exists passed with the following output:
Change Dir: /home/ariel/Documentos/Blocks/gr-pmt_cpp/CMakeFiles/CMakeTmp

Run Build Command:/usr/bin/make "cmTryCompileExec1807305225/fast"
/usr/bin/make -f CMakeFiles/cmTryCompileExec1807305225.dir/build.make CMakeFiles/cmTryCompileExec1807305225.dir/build
make[1]: Entrando no diretório `/home/ariel/Documentos/Blocks/gr-pmt_cpp/CMakeFiles/CMakeTmp'
/usr/bin/cmake -E cmake_progress_report /home/ariel/Documentos/Blocks/gr-pmt_cpp/CMakeFiles/CMakeTmp/CMakeFiles 1
Building C object CMakeFiles/cmTryCompileExec1807305225.dir/CheckIncludeFile.c.o
/usr/bin/gcc    -o CMakeFiles/cmTryCompileExec1807305225.dir/CheckIncludeFile.c.o   -c /home/ariel/Documentos/Blocks/gr-pmt_cpp/CMakeFiles/CMakeTmp/CheckIncludeFile.c
Linking C executable cmTryCompileExec1807305225
/usr/bin/cmake -E cmake_link_script CMakeFiles/cmTryCompileExec1807305225.dir/link.txt --verbose=1
/usr/bin/gcc       CMakeFiles/cmTryCompileExec1807305225.dir/CheckIncludeFile.c.o  -o cmTryCompileExec1807305225 -rdynamic 
make[1]: Saindo do diretório `/home/ariel/Documentos/Blocks/gr-pmt_cpp/CMakeFiles/CMakeTmp'


Determining if the include file stdint.h exists passed with the following output:
Change Dir: /home/ariel/Documentos/Blocks/gr-pmt_cpp/CMakeFiles/CMakeTmp

Run Build Command:/usr/bin/make "cmTryCompileExec4227641519/fast"
/usr/bin/make -f CMakeFiles/cmTryCompileExec4227641519.dir/build.make CMakeFiles/cmTryCompileExec4227641519.dir/build
make[1]: Entrando no diretório `/home/ariel/Documentos/Blocks/gr-pmt_cpp/CMakeFiles/CMakeTmp'
/usr/bin/cmake -E cmake_progress_report /home/ariel/Documentos/Blocks/gr-pmt_cpp/CMakeFiles/CMakeTmp/CMakeFiles 1
Building C object CMakeFiles/cmTryCompileExec4227641519.dir/CheckIncludeFile.c.o
/usr/bin/gcc    -o CMakeFiles/cmTryCompileExec4227641519.dir/CheckIncludeFile.c.o   -c /home/ariel/Documentos/Blocks/gr-pmt_cpp/CMakeFiles/CMakeTmp/CheckIncludeFile.c
Linking C executable cmTryCompileExec4227641519
/usr/bin/cmake -E cmake_link_script CMakeFiles/cmTryCompileExec4227641519.dir/link.txt --verbose=1
/usr/bin/gcc       CMakeFiles/cmTryCompileExec4227641519.dir/CheckIncludeFile.c.o  -o cmTryCompileExec4227641519 -rdynamic 
make[1]: Saindo do diretório `/home/ariel/Documentos/Blocks/gr-pmt_cpp/CMakeFiles/CMakeTmp'


Determining if the include file stddef.h exists passed with the following output:
Change Dir: /home/ariel/Documentos/Blocks/gr-pmt_cpp/CMakeFiles/CMakeTmp

Run Build Command:/usr/bin/make "cmTryCompileExec48158718/fast"
/usr/bin/make -f CMakeFiles/cmTryCompileExec48158718.dir/build.make CMakeFiles/cmTryCompileExec48158718.dir/build
make[1]: Entrando no diretório `/home/ariel/Documentos/Blocks/gr-pmt_cpp/CMakeFiles/CMakeTmp'
/usr/bin/cmake -E cmake_progress_report /home/ariel/Documentos/Blocks/gr-pmt_cpp/CMakeFiles/CMakeTmp/CMakeFiles 1
Building C object CMakeFiles/cmTryCompileExec48158718.dir/CheckIncludeFile.c.o
/usr/bin/gcc    -o CMakeFiles/cmTryCompileExec48158718.dir/CheckIncludeFile.c.o   -c /home/ariel/Documentos/Blocks/gr-pmt_cpp/CMakeFiles/CMakeTmp/CheckIncludeFile.c
Linking C executable cmTryCompileExec48158718
/usr/bin/cmake -E cmake_link_script CMakeFiles/cmTryCompileExec48158718.dir/link.txt --verbose=1
/usr/bin/gcc       CMakeFiles/cmTryCompileExec48158718.dir/CheckIncludeFile.c.o  -o cmTryCompileExec48158718 -rdynamic 
make[1]: Saindo do diretório `/home/ariel/Documentos/Blocks/gr-pmt_cpp/CMakeFiles/CMakeTmp'


Determining size of size_t passed with the following output:
Change Dir: /home/ariel/Documentos/Blocks/gr-pmt_cpp/CMakeFiles/CMakeTmp

Run Build Command:/usr/bin/make "cmTryCompileExec3578876573/fast"
/usr/bin/make -f CMakeFiles/cmTryCompileExec3578876573.dir/build.make CMakeFiles/cmTryCompileExec3578876573.dir/build
make[1]: Entrando no diretório `/home/ariel/Documentos/Blocks/gr-pmt_cpp/CMakeFiles/CMakeTmp'
/usr/bin/cmake -E cmake_progress_report /home/ariel/Documentos/Blocks/gr-pmt_cpp/CMakeFiles/CMakeTmp/CMakeFiles 1
Building C object CMakeFiles/cmTryCompileExec3578876573.dir/SIZEOF_SIZE_T.c.o
/usr/bin/gcc    -o CMakeFiles/cmTryCompileExec3578876573.dir/SIZEOF_SIZE_T.c.o   -c /home/ariel/Documentos/Blocks/gr-pmt_cpp/CMakeFiles/CheckTypeSize/SIZEOF_SIZE_T.c
Linking C executable cmTryCompileExec3578876573
/usr/bin/cmake -E cmake_link_script CMakeFiles/cmTryCompileExec3578876573.dir/link.txt --verbose=1
/usr/bin/gcc       CMakeFiles/cmTryCompileExec3578876573.dir/SIZEOF_SIZE_T.c.o  -o cmTryCompileExec3578876573 -rdynamic 
make[1]: Saindo do diretório `/home/ariel/Documentos/Blocks/gr-pmt_cpp/CMakeFiles/CMakeTmp'


Determining size of unsigned int passed with the following output:
Change Dir: /home/ariel/Documentos/Blocks/gr-pmt_cpp/CMakeFiles/CMakeTmp

Run Build Command:/usr/bin/make "cmTryCompileExec1821817614/fast"
/usr/bin/make -f CMakeFiles/cmTryCompileExec1821817614.dir/build.make CMakeFiles/cmTryCompileExec1821817614.dir/build
make[1]: Entrando no diretório `/home/ariel/Documentos/Blocks/gr-pmt_cpp/CMakeFiles/CMakeTmp'
/usr/bin/cmake -E cmake_progress_report /home/ariel/Documentos/Blocks/gr-pmt_cpp/CMakeFiles/CMakeTmp/CMakeFiles 1
Building C object CMakeFiles/cmTryCompileExec1821817614.dir/SIZEOF_UINT.c.o
/usr/bin/gcc    -o CMakeFiles/cmTryCompileExec1821817614.dir/SIZEOF_UINT.c.o   -c /home/ariel/Documentos/Blocks/gr-pmt_cpp/CMakeFiles/CheckTypeSize/SIZEOF_UINT.c
Linking C executable cmTryCompileExec1821817614
/usr/bin/cmake -E cmake_link_script CMakeFiles/cmTryCompileExec1821817614.dir/link.txt --verbose=1
/usr/bin/gcc       CMakeFiles/cmTryCompileExec1821817614.dir/SIZEOF_UINT.c.o  -o cmTryCompileExec1821817614 -rdynamic 
make[1]: Saindo do diretório `/home/ariel/Documentos/Blocks/gr-pmt_cpp/CMakeFiles/CMakeTmp'


Performing C++ SOURCE FILE Test HAVE_WNO_UNUSED_BUT_SET_VARIABLE succeded with the following output:
Change Dir: /home/ariel/Documentos/Blocks/gr-pmt_cpp/CMakeFiles/CMakeTmp

Run Build Command:/usr/bin/make "cmTryCompileExec2945679429/fast"
/usr/bin/make -f CMakeFiles/cmTryCompileExec2945679429.dir/build.make CMakeFiles/cmTryCompileExec2945679429.dir/build
make[1]: Entering directory `/home/ariel/Documentos/Blocks/gr-pmt_cpp/CMakeFiles/CMakeTmp'
/usr/bin/cmake -E cmake_progress_report /home/ariel/Documentos/Blocks/gr-pmt_cpp/CMakeFiles/CMakeTmp/CMakeFiles 1
Building CXX object CMakeFiles/cmTryCompileExec2945679429.dir/src.cxx.o
/usr/bin/g++    -DHAVE_WNO_UNUSED_BUT_SET_VARIABLE   -Wno-unused-but-set-variable -o CMakeFiles/cmTryCompileExec2945679429.dir/src.cxx.o -c /home/ariel/Documentos/Blocks/gr-pmt_cpp/CMakeFiles/CMakeTmp/src.cxx
Linking CXX executable cmTryCompileExec2945679429
/usr/bin/cmake -E cmake_link_script CMakeFiles/cmTryCompileExec2945679429.dir/link.txt --verbose=1
/usr/bin/g++    -DHAVE_WNO_UNUSED_BUT_SET_VARIABLE    CMakeFiles/cmTryCompileExec2945679429.dir/src.cxx.o  -o cmTryCompileExec2945679429 -rdynamic 
make[1]: Leaving directory `/home/ariel/Documentos/Blocks/gr-pmt_cpp/CMakeFiles/CMakeTmp'

Source file was:
int main() { return 0;}
Determining if the include file sys/types.h exists passed with the following output:
Change Dir: /home/ariel/Documentos/merge/GNURADIO/Blocks/gr-pmt_cpp/CMakeFiles/CMakeTmp

Run Build Command:/usr/bin/make "cmTryCompileExec2037144518/fast"
/usr/bin/make -f CMakeFiles/cmTryCompileExec2037144518.dir/build.make CMakeFiles/cmTryCompileExec2037144518.dir/build
make[1]: Entrando no diretório `/home/ariel/Documentos/merge/GNURADIO/Blocks/gr-pmt_cpp/CMakeFiles/CMakeTmp'
/usr/bin/cmake -E cmake_progress_report /home/ariel/Documentos/merge/GNURADIO/Blocks/gr-pmt_cpp/CMakeFiles/CMakeTmp/CMakeFiles 1
Building C object CMakeFiles/cmTryCompileExec2037144518.dir/CheckIncludeFile.c.o
/usr/bin/gcc    -o CMakeFiles/cmTryCompileExec2037144518.dir/CheckIncludeFile.c.o   -c /home/ariel/Documentos/merge/GNURADIO/Blocks/gr-pmt_cpp/CMakeFiles/CMakeTmp/CheckIncludeFile.c
Linking C executable cmTryCompileExec2037144518
/usr/bin/cmake -E cmake_link_script CMakeFiles/cmTryCompileExec2037144518.dir/link.txt --verbose=1
/usr/bin/gcc       CMakeFiles/cmTryCompileExec2037144518.dir/CheckIncludeFile.c.o  -o cmTryCompileExec2037144518 -rdynamic 
make[1]: Saindo do diretório `/home/ariel/Documentos/merge/GNURADIO/Blocks/gr-pmt_cpp/CMakeFiles/CMakeTmp'


Determining if the include file stdint.h exists passed with the following output:
Change Dir: /home/ariel/Documentos/merge/GNURADIO/Blocks/gr-pmt_cpp/CMakeFiles/CMakeTmp

Run Build Command:/usr/bin/make "cmTryCompileExec3415730233/fast"
/usr/bin/make -f CMakeFiles/cmTryCompileExec3415730233.dir/build.make CMakeFiles/cmTryCompileExec3415730233.dir/build
make[1]: Entrando no diretório `/home/ariel/Documentos/merge/GNURADIO/Blocks/gr-pmt_cpp/CMakeFiles/CMakeTmp'
/usr/bin/cmake -E cmake_progress_report /home/ariel/Documentos/merge/GNURADIO/Blocks/gr-pmt_cpp/CMakeFiles/CMakeTmp/CMakeFiles 1
Building C object CMakeFiles/cmTryCompileExec3415730233.dir/CheckIncludeFile.c.o
/usr/bin/gcc    -o CMakeFiles/cmTryCompileExec3415730233.dir/CheckIncludeFile.c.o   -c /home/ariel/Documentos/merge/GNURADIO/Blocks/gr-pmt_cpp/CMakeFiles/CMakeTmp/CheckIncludeFile.c
Linking C executable cmTryCompileExec3415730233
/usr/bin/cmake -E cmake_link_script CMakeFiles/cmTryCompileExec3415730233.dir/link.txt --verbose=1
/usr/bin/gcc       CMakeFiles/cmTryCompileExec3415730233.dir/CheckIncludeFile.c.o  -o cmTryCompileExec3415730233 -rdynamic 
make[1]: Saindo do diretório `/home/ariel/Documentos/merge/GNURADIO/Blocks/gr-pmt_cpp/CMakeFiles/CMakeTmp'


Determining if the include file stddef.h exists passed with the following output:
Change Dir: /home/ariel/Documentos/merge/GNURADIO/Blocks/gr-pmt_cpp/CMakeFiles/CMakeTmp

Run Build Command:/usr/bin/make "cmTryCompileExec323303549/fast"
/usr/bin/make -f CMakeFiles/cmTryCompileExec323303549.dir/build.make CMakeFiles/cmTryCompileExec323303549.dir/build
make[1]: Entrando no diretório `/home/ariel/Documentos/merge/GNURADIO/Blocks/gr-pmt_cpp/CMakeFiles/CMakeTmp'
/usr/bin/cmake -E cmake_progress_report /home/ariel/Documentos/merge/GNURADIO/Blocks/gr-pmt_cpp/CMakeFiles/CMakeTmp/CMakeFiles 1
Building C object CMakeFiles/cmTryCompileExec323303549.dir/CheckIncludeFile.c.o
/usr/bin/gcc    -o CMakeFiles/cmTryCompileExec323303549.dir/CheckIncludeFile.c.o   -c /home/ariel/Documentos/merge/GNURADIO/Blocks/gr-pmt_cpp/CMakeFiles/CMakeTmp/CheckIncludeFile.c
Linking C executable cmTryCompileExec323303549
/usr/bin/cmake -E cmake_link_script CMakeFiles/cmTryCompileExec323303549.dir/link.txt --verbose=1
/usr/bin/gcc       CMakeFiles/cmTryCompileExec323303549.dir/CheckIncludeFile.c.o  -o cmTryCompileExec323303549 -rdynamic 
make[1]: Saindo do diretório `/home/ariel/Documentos/merge/GNURADIO/Blocks/gr-pmt_cpp/CMakeFiles/CMakeTmp'


Determining size of size_t passed with the following output:
Change Dir: /home/ariel/Documentos/merge/GNURADIO/Blocks/gr-pmt_cpp/CMakeFiles/CMakeTmp

Run Build Command:/usr/bin/make "cmTryCompileExec4078372728/fast"
/usr/bin/make -f CMakeFiles/cmTryCompileExec4078372728.dir/build.make CMakeFiles/cmTryCompileExec4078372728.dir/build
make[1]: Entrando no diretório `/home/ariel/Documentos/merge/GNURADIO/Blocks/gr-pmt_cpp/CMakeFiles/CMakeTmp'
/usr/bin/cmake -E cmake_progress_report /home/ariel/Documentos/merge/GNURADIO/Blocks/gr-pmt_cpp/CMakeFiles/CMakeTmp/CMakeFiles 1
Building C object CMakeFiles/cmTryCompileExec4078372728.dir/SIZEOF_SIZE_T.c.o
/usr/bin/gcc    -o CMakeFiles/cmTryCompileExec4078372728.dir/SIZEOF_SIZE_T.c.o   -c /home/ariel/Documentos/merge/GNURADIO/Blocks/gr-pmt_cpp/CMakeFiles/CheckTypeSize/SIZEOF_SIZE_T.c
Linking C executable cmTryCompileExec4078372728
/usr/bin/cmake -E cmake_link_script CMakeFiles/cmTryCompileExec4078372728.dir/link.txt --verbose=1
/usr/bin/gcc       CMakeFiles/cmTryCompileExec4078372728.dir/SIZEOF_SIZE_T.c.o  -o cmTryCompileExec4078372728 -rdynamic 
make[1]: Saindo do diretório `/home/ariel/Documentos/merge/GNURADIO/Blocks/gr-pmt_cpp/CMakeFiles/CMakeTmp'


Determining size of unsigned int passed with the following output:
Change Dir: /home/ariel/Documentos/merge/GNURADIO/Blocks/gr-pmt_cpp/CMakeFiles/CMakeTmp

Run Build Command:/usr/bin/make "cmTryCompileExec263405987/fast"
/usr/bin/make -f CMakeFiles/cmTryCompileExec263405987.dir/build.make CMakeFiles/cmTryCompileExec263405987.dir/build
make[1]: Entrando no diretório `/home/ariel/Documentos/merge/GNURADIO/Blocks/gr-pmt_cpp/CMakeFiles/CMakeTmp'
/usr/bin/cmake -E cmake_progress_report /home/ariel/Documentos/merge/GNURADIO/Blocks/gr-pmt_cpp/CMakeFiles/CMakeTmp/CMakeFiles 1
Building C object CMakeFiles/cmTryCompileExec263405987.dir/SIZEOF_UINT.c.o
/usr/bin/gcc    -o CMakeFiles/cmTryCompileExec263405987.dir/SIZEOF_UINT.c.o   -c /home/ariel/Documentos/merge/GNURADIO/Blocks/gr-pmt_cpp/CMakeFiles/CheckTypeSize/SIZEOF_UINT.c
Linking C executable cmTryCompileExec263405987
/usr/bin/cmake -E cmake_link_script CMakeFiles/cmTryCompileExec263405987.dir/link.txt --verbose=1
/usr/bin/gcc       CMakeFiles/cmTryCompileExec263405987.dir/SIZEOF_UINT.c.o  -o cmTryCompileExec263405987 -rdynamic 
make[1]: Saindo do diretório `/home/ariel/Documentos/merge/GNURADIO/Blocks/gr-pmt_cpp/CMakeFiles/CMakeTmp'


Performing C++ SOURCE FILE Test HAVE_WNO_UNUSED_BUT_SET_VARIABLE succeded with the following output:
Change Dir: /home/ariel/Documentos/merge/GNURADIO/Blocks/gr-pmt_cpp/CMakeFiles/CMakeTmp

Run Build Command:/usr/bin/make "cmTryCompileExec2335946504/fast"
/usr/bin/make -f CMakeFiles/cmTryCompileExec2335946504.dir/build.make CMakeFiles/cmTryCompileExec2335946504.dir/build
make[1]: Entering directory `/home/ariel/Documentos/merge/GNURADIO/Blocks/gr-pmt_cpp/CMakeFiles/CMakeTmp'
/usr/bin/cmake -E cmake_progress_report /home/ariel/Documentos/merge/GNURADIO/Blocks/gr-pmt_cpp/CMakeFiles/CMakeTmp/CMakeFiles 1
Building CXX object CMakeFiles/cmTryCompileExec2335946504.dir/src.cxx.o
/usr/bin/g++    -DHAVE_WNO_UNUSED_BUT_SET_VARIABLE   -Wno-unused-but-set-variable -o CMakeFiles/cmTryCompileExec2335946504.dir/src.cxx.o -c /home/ariel/Documentos/merge/GNURADIO/Blocks/gr-pmt_cpp/CMakeFiles/CMakeTmp/src.cxx
Linking CXX executable cmTryCompileExec2335946504
/usr/bin/cmake -E cmake_link_script CMakeFiles/cmTryCompileExec2335946504.dir/link.txt --verbose=1
/usr/bin/g++    -DHAVE_WNO_UNUSED_BUT_SET_VARIABLE    CMakeFiles/cmTryCompileExec2335946504.dir/src.cxx.o  -o cmTryCompileExec2335946504 -rdynamic 
make[1]: Leaving directory `/home/ariel/Documentos/merge/GNURADIO/Blocks/gr-pmt_cpp/CMakeFiles/CMakeTmp'

Source file was:
int main() { return 0;}
Determining if the include file sys/types.h exists passed with the following output:
Change Dir: /home/ariel/Documentos/GNURADIO/Blocks_trunk/gr-pmt_cpp/CMakeFiles/CMakeTmp

Run Build Command:/usr/bin/make "cmTryCompileExec2172459933/fast"
/usr/bin/make -f CMakeFiles/cmTryCompileExec2172459933.dir/build.make CMakeFiles/cmTryCompileExec2172459933.dir/build
make[1]: Entrando no diretório `/home/ariel/Documentos/GNURADIO/Blocks_trunk/gr-pmt_cpp/CMakeFiles/CMakeTmp'
/usr/bin/cmake -E cmake_progress_report /home/ariel/Documentos/GNURADIO/Blocks_trunk/gr-pmt_cpp/CMakeFiles/CMakeTmp/CMakeFiles 1
Building C object CMakeFiles/cmTryCompileExec2172459933.dir/CheckIncludeFile.c.o
/usr/bin/gcc    -o CMakeFiles/cmTryCompileExec2172459933.dir/CheckIncludeFile.c.o   -c /home/ariel/Documentos/GNURADIO/Blocks_trunk/gr-pmt_cpp/CMakeFiles/CMakeTmp/CheckIncludeFile.c
Linking C executable cmTryCompileExec2172459933
/usr/bin/cmake -E cmake_link_script CMakeFiles/cmTryCompileExec2172459933.dir/link.txt --verbose=1
/usr/bin/gcc       CMakeFiles/cmTryCompileExec2172459933.dir/CheckIncludeFile.c.o  -o cmTryCompileExec2172459933 -rdynamic 
make[1]: Saindo do diretório `/home/ariel/Documentos/GNURADIO/Blocks_trunk/gr-pmt_cpp/CMakeFiles/CMakeTmp'


Determining if the include file stdint.h exists passed with the following output:
Change Dir: /home/ariel/Documentos/GNURADIO/Blocks_trunk/gr-pmt_cpp/CMakeFiles/CMakeTmp

Run Build Command:/usr/bin/make "cmTryCompileExec3729160564/fast"
/usr/bin/make -f CMakeFiles/cmTryCompileExec3729160564.dir/build.make CMakeFiles/cmTryCompileExec3729160564.dir/build
make[1]: Entrando no diretório `/home/ariel/Documentos/GNURADIO/Blocks_trunk/gr-pmt_cpp/CMakeFiles/CMakeTmp'
/usr/bin/cmake -E cmake_progress_report /home/ariel/Documentos/GNURADIO/Blocks_trunk/gr-pmt_cpp/CMakeFiles/CMakeTmp/CMakeFiles 1
Building C object CMakeFiles/cmTryCompileExec3729160564.dir/CheckIncludeFile.c.o
/usr/bin/gcc    -o CMakeFiles/cmTryCompileExec3729160564.dir/CheckIncludeFile.c.o   -c /home/ariel/Documentos/GNURADIO/Blocks_trunk/gr-pmt_cpp/CMakeFiles/CMakeTmp/CheckIncludeFile.c
Linking C executable cmTryCompileExec3729160564
/usr/bin/cmake -E cmake_link_script CMakeFiles/cmTryCompileExec3729160564.dir/link.txt --verbose=1
/usr/bin/gcc       CMakeFiles/cmTryCompileExec3729160564.dir/CheckIncludeFile.c.o  -o cmTryCompileExec3729160564 -rdynamic 
make[1]: Saindo do diretório `/home/ariel/Documentos/GNURADIO/Blocks_trunk/gr-pmt_cpp/CMakeFiles/CMakeTmp'


Determining if the include file stddef.h exists passed with the following output:
Change Dir: /home/ariel/Documentos/GNURADIO/Blocks_trunk/gr-pmt_cpp/CMakeFiles/CMakeTmp

Run Build Command:/usr/bin/make "cmTryCompileExec940798176/fast"
/usr/bin/make -f CMakeFiles/cmTryCompileExec940798176.dir/build.make CMakeFiles/cmTryCompileExec940798176.dir/build
make[1]: Entrando no diretório `/home/ariel/Documentos/GNURADIO/Blocks_trunk/gr-pmt_cpp/CMakeFiles/CMakeTmp'
/usr/bin/cmake -E cmake_progress_report /home/ariel/Documentos/GNURADIO/Blocks_trunk/gr-pmt_cpp/CMakeFiles/CMakeTmp/CMakeFiles 1
Building C object CMakeFiles/cmTryCompileExec940798176.dir/CheckIncludeFile.c.o
/usr/bin/gcc    -o CMakeFiles/cmTryCompileExec940798176.dir/CheckIncludeFile.c.o   -c /home/ariel/Documentos/GNURADIO/Blocks_trunk/gr-pmt_cpp/CMakeFiles/CMakeTmp/CheckIncludeFile.c
Linking C executable cmTryCompileExec940798176
/usr/bin/cmake -E cmake_link_script CMakeFiles/cmTryCompileExec940798176.dir/link.txt --verbose=1
/usr/bin/gcc       CMakeFiles/cmTryCompileExec940798176.dir/CheckIncludeFile.c.o  -o cmTryCompileExec940798176 -rdynamic 
make[1]: Saindo do diretório `/home/ariel/Documentos/GNURADIO/Blocks_trunk/gr-pmt_cpp/CMakeFiles/CMakeTmp'


Determining size of size_t passed with the following output:
Change Dir: /home/ariel/Documentos/GNURADIO/Blocks_trunk/gr-pmt_cpp/CMakeFiles/CMakeTmp

Run Build Command:/usr/bin/make "cmTryCompileExec1174402110/fast"
/usr/bin/make -f CMakeFiles/cmTryCompileExec1174402110.dir/build.make CMakeFiles/cmTryCompileExec1174402110.dir/build
make[1]: Entrando no diretório `/home/ariel/Documentos/GNURADIO/Blocks_trunk/gr-pmt_cpp/CMakeFiles/CMakeTmp'
/usr/bin/cmake -E cmake_progress_report /home/ariel/Documentos/GNURADIO/Blocks_trunk/gr-pmt_cpp/CMakeFiles/CMakeTmp/CMakeFiles 1
Building C object CMakeFiles/cmTryCompileExec1174402110.dir/SIZEOF_SIZE_T.c.o
/usr/bin/gcc    -o CMakeFiles/cmTryCompileExec1174402110.dir/SIZEOF_SIZE_T.c.o   -c /home/ariel/Documentos/GNURADIO/Blocks_trunk/gr-pmt_cpp/CMakeFiles/CheckTypeSize/SIZEOF_SIZE_T.c
Linking C executable cmTryCompileExec1174402110
/usr/bin/cmake -E cmake_link_script CMakeFiles/cmTryCompileExec1174402110.dir/link.txt --verbose=1
/usr/bin/gcc       CMakeFiles/cmTryCompileExec1174402110.dir/SIZEOF_SIZE_T.c.o  -o cmTryCompileExec1174402110 -rdynamic 
make[1]: Saindo do diretório `/home/ariel/Documentos/GNURADIO/Blocks_trunk/gr-pmt_cpp/CMakeFiles/CMakeTmp'


Determining size of unsigned int passed with the following output:
Change Dir: /home/ariel/Documentos/GNURADIO/Blocks_trunk/gr-pmt_cpp/CMakeFiles/CMakeTmp

Run Build Command:/usr/bin/make "cmTryCompileExec1959199202/fast"
/usr/bin/make -f CMakeFiles/cmTryCompileExec1959199202.dir/build.make CMakeFiles/cmTryCompileExec1959199202.dir/build
make[1]: Entrando no diretório `/home/ariel/Documentos/GNURADIO/Blocks_trunk/gr-pmt_cpp/CMakeFiles/CMakeTmp'
/usr/bin/cmake -E cmake_progress_report /home/ariel/Documentos/GNURADIO/Blocks_trunk/gr-pmt_cpp/CMakeFiles/CMakeTmp/CMakeFiles 1
Building C object CMakeFiles/cmTryCompileExec1959199202.dir/SIZEOF_UINT.c.o
/usr/bin/gcc    -o CMakeFiles/cmTryCompileExec1959199202.dir/SIZEOF_UINT.c.o   -c /home/ariel/Documentos/GNURADIO/Blocks_trunk/gr-pmt_cpp/CMakeFiles/CheckTypeSize/SIZEOF_UINT.c
Linking C executable cmTryCompileExec1959199202
/usr/bin/cmake -E cmake_link_script CMakeFiles/cmTryCompileExec1959199202.dir/link.txt --verbose=1
/usr/bin/gcc       CMakeFiles/cmTryCompileExec1959199202.dir/SIZEOF_UINT.c.o  -o cmTryCompileExec1959199202 -rdynamic 
make[1]: Saindo do diretório `/home/ariel/Documentos/GNURADIO/Blocks_trunk/gr-pmt_cpp/CMakeFiles/CMakeTmp'


Performing C++ SOURCE FILE Test HAVE_WNO_UNUSED_BUT_SET_VARIABLE succeded with the following output:
Change Dir: /home/ariel/Documentos/GNURADIO/Blocks_trunk/gr-pmt_cpp/CMakeFiles/CMakeTmp

Run Build Command:/usr/bin/make "cmTryCompileExec3399967602/fast"
/usr/bin/make -f CMakeFiles/cmTryCompileExec3399967602.dir/build.make CMakeFiles/cmTryCompileExec3399967602.dir/build
make[1]: Entering directory `/home/ariel/Documentos/GNURADIO/Blocks_trunk/gr-pmt_cpp/CMakeFiles/CMakeTmp'
/usr/bin/cmake -E cmake_progress_report /home/ariel/Documentos/GNURADIO/Blocks_trunk/gr-pmt_cpp/CMakeFiles/CMakeTmp/CMakeFiles 1
Building CXX object CMakeFiles/cmTryCompileExec3399967602.dir/src.cxx.o
/usr/bin/g++    -DHAVE_WNO_UNUSED_BUT_SET_VARIABLE   -Wno-unused-but-set-variable -o CMakeFiles/cmTryCompileExec3399967602.dir/src.cxx.o -c /home/ariel/Documentos/GNURADIO/Blocks_trunk/gr-pmt_cpp/CMakeFiles/CMakeTmp/src.cxx
Linking CXX executable cmTryCompileExec3399967602
/usr/bin/cmake -E cmake_link_script CMakeFiles/cmTryCompileExec3399967602.dir/link.txt --verbose=1
/usr/bin/g++    -DHAVE_WNO_UNUSED_BUT_SET_VARIABLE    CMakeFiles/cmTryCompileExec3399967602.dir/src.cxx.o  -o cmTryCompileExec3399967602 -rdynamic 
make[1]: Leaving directory `/home/ariel/Documentos/GNURADIO/Blocks_trunk/gr-pmt_cpp/CMakeFiles/CMakeTmp'

Source file was:
int main() { return 0;}
